2022.02.27 10:57:19 INFO  Started: Metals version 0.11.1 in workspace '/home/felix/coding/GeneralLearning/play-learning' for client Neovim 0.6.1.[0m
2022.02.27 10:57:19 WARN  Can't instantiate JavaInteractiveSemanticdb (version: None, jdkHome: /home/felix/coding/GeneralLearning/play-learning/public/javascripts/.jdks/openjdk-17.0.1, javac exists: false)[0m
2022.02.27 10:57:20 INFO  time: initialize in 1.35s[0m
2022.02.27 10:57:20 WARN  Build server is not auto-connectable.[0m
2022.02.27 10:57:26 INFO  running '/home/felix/coding/GeneralLearning/play-learning/public/javascripts/.jdks/openjdk-17.0.1/bin/java -Djline.terminal=jline.UnsupportedTerminal -Dsbt.log.noformat=true -Dfile.encoding=UTF-8 -jar /tmp/metals8086953203364413366/sbt-launch.jar -Dbloop.export-jar-classifiers=sources bloopInstall'[0m
2022.02.27 10:57:26 ERROR Running process '/home/felix/coding/GeneralLearning/play-learning/public/javascripts/.jdks/openjdk-17.0.1/bin/java -Djline.terminal=jline.UnsupportedTerminal -Dsbt.log.noformat=true -Dfile.encoding=UTF-8 -jar /tmp/metals8086953203364413366/sbt-launch.jar -Dbloop.export-jar-classifiers=sources bloopInstall' failed
java.io.IOException: Cannot run program "/home/felix/coding/GeneralLearning/play-learning/public/javascripts/.jdks/openjdk-17.0.1/bin/java" (in directory "/home/felix/coding/GeneralLearning/play-learning"): error=2, No such file or directory
	at java.lang.ProcessBuilder.start(ProcessBuilder.java:1128)
	at java.lang.ProcessBuilder.start(ProcessBuilder.java:1071)
	at scala.meta.internal.process.SystemProcess$.run(SystemProcess.scala:40)
	at scala.meta.internal.builds.ShellRunner.run(ShellRunner.scala:94)
	at scala.meta.internal.builds.BloopInstall.runArgumentsUnconditionally(BloopInstall.scala:61)
	at scala.meta.internal.builds.BloopInstall.$anonfun$runUnconditionally$1(BloopInstall.scala:44)
	at scala.meta.internal.builds.BloopInstallProvider.bloopInstall(BloopInstallProvider.scala:21)
	at scala.meta.internal.builds.BloopInstallProvider.bloopInstall$(BloopInstallProvider.scala:16)
	at scala.meta.internal.builds.SbtBuildTool.bloopInstall(SbtBuildTool.scala:16)
	at scala.meta.internal.builds.BloopInstall.runUnconditionally(BloopInstall.scala:42)
	at scala.meta.internal.builds.BloopInstall.$anonfun$runIfApproved$2(BloopInstall.scala:125)
	at scala.concurrent.Future.$anonfun$flatMap$1(Future.scala:307)
	at scala.concurrent.impl.Promise.$anonfun$transformWith$1(Promise.scala:41)
	at scala.concurrent.impl.CallbackRunnable.run(Promise.scala:64)
	at java.util.concurrent.ThreadPoolExecutor.runWorker(ThreadPoolExecutor.java:1128)
	at java.util.concurrent.ThreadPoolExecutor$Worker.run(ThreadPoolExecutor.java:628)
	at java.lang.Thread.run(Thread.java:829)
Caused by: java.io.IOException: error=2, No such file or directory
	at java.lang.ProcessImpl.forkAndExec(Native Method)
	at java.lang.ProcessImpl.<init>(ProcessImpl.java:340)
	at java.lang.ProcessImpl.start(ProcessImpl.java:271)
	at java.lang.ProcessBuilder.start(ProcessBuilder.java:1107)
	at java.lang.ProcessBuilder.start(ProcessBuilder.java:1071)
	at scala.meta.internal.process.SystemProcess$.run(SystemProcess.scala:40)
	at scala.meta.internal.builds.ShellRunner.run(ShellRunner.scala:94)
	at scala.meta.internal.builds.BloopInstall.runArgumentsUnconditionally(BloopInstall.scala:61)
	at scala.meta.internal.builds.BloopInstall.$anonfun$runUnconditionally$1(BloopInstall.scala:44)
	at scala.meta.internal.builds.BloopInstallProvider.bloopInstall(BloopInstallProvider.scala:21)
	at scala.meta.internal.builds.BloopInstallProvider.bloopInstall$(BloopInstallProvider.scala:16)
	at scala.meta.internal.builds.SbtBuildTool.bloopInstall(SbtBuildTool.scala:16)
	at scala.meta.internal.builds.BloopInstall.runUnconditionally(BloopInstall.scala:42)
	at scala.meta.internal.builds.BloopInstall.$anonfun$runIfApproved$2(BloopInstall.scala:125)
	at scala.concurrent.Future.$anonfun$flatMap$1(Future.scala:307)
	at scala.concurrent.impl.Promise.$anonfun$transformWith$1(Promise.scala:41)
	at scala.concurrent.impl.CallbackRunnable.run(Promise.scala:64)
	at java.util.concurrent.ThreadPoolExecutor.runWorker(ThreadPoolExecutor.java:1128)
	at java.util.concurrent.ThreadPoolExecutor$Worker.run(ThreadPoolExecutor.java:628)
	at java.lang.Thread.run(Thread.java:829)
[0m
2022.02.27 10:57:26 INFO  time: ran 'sbt bloopInstall' in 12ms[0m
2022.02.27 10:57:26 ERROR sbt command failed: /home/felix/coding/GeneralLearning/play-learning/public/javascripts/.jdks/openjdk-17.0.1/bin/java -Djline.terminal=jline.UnsupportedTerminal -Dsbt.log.noformat=true -Dfile.encoding=UTF-8 -jar /tmp/metals8086953203364413366/sbt-launch.jar -Dbloop.export-jar-classifiers=sources bloopInstall[0m
2022.02.27 10:58:12 INFO  shutting down Metals[0m
2022.03.11 14:00:25 INFO  tracing is disabled for protocol LSP, to enable tracing of incoming and outgoing JSON messages create an empty file at /home/felix/coding/GeneralLearning/play-learning/.metals/lsp.trace.json or /home/felix/.cache/metals/lsp.trace.json[0m
2022.03.11 14:00:25 INFO  logging to file /home/felix/coding/GeneralLearning/play-learning/.metals/metals.log[0m
2022.03.11 14:00:25 INFO  Started: Metals version 0.11.1 in workspace '/home/felix/coding/GeneralLearning/play-learning' for client Neovim 0.6.1.[0m
2022.03.11 14:00:25 WARN  Can't instantiate JavaInteractiveSemanticdb (version: None, jdkHome: /home/felix/coding/GeneralLearning/play-learning/.jdks/openjdk-17.0.1, javac exists: false)[0m
2022.03.11 14:00:27 INFO  time: initialize in 1.27s[0m
2022.03.11 14:00:27 WARN  Build server is not auto-connectable.[0m
2022.03.11 14:00:27 WARN  no build target for: /home/felix/coding/GeneralLearning/play-learning/app/controllers/Application.scala[0m
2022.03.11 14:00:27 INFO  skipping build import with status 'Failed'[0m
2022.03.11 14:00:30 INFO  no build target found for /home/felix/coding/GeneralLearning/play-learning/app/controllers/Application.scala. Using presentation compiler with project's scala-library version: 3.1.0[0m
2022.03.11 14:00:35 INFO  shutting down Metals[0m
2022.03.19 16:40:43 INFO  tracing is disabled for protocol LSP, to enable tracing of incoming and outgoing JSON messages create an empty file at /home/felix/coding/GeneralLearning/play-learning/.metals/lsp.trace.json or /home/felix/.cache/metals/lsp.trace.json[0m
2022.03.19 16:40:43 INFO  logging to file /home/felix/coding/GeneralLearning/play-learning/.metals/metals.log[0m
2022.03.19 16:40:43 INFO  Started: Metals version 0.11.1 in workspace '/home/felix/coding/GeneralLearning/play-learning' for client Neovim 0.6.1.[0m
2022.03.19 16:40:43 WARN  Can't instantiate JavaInteractiveSemanticdb (version: None, jdkHome: /home/felix/coding/GeneralLearning/play-learning/.jdks/openjdk-17.0.1, javac exists: false)[0m
2022.03.19 16:40:45 INFO  time: initialize in 1.07s[0m
2022.03.19 16:40:48 WARN  Build server is not auto-connectable.[0m
2022.03.19 16:40:48 INFO  skipping build import with status 'Failed'[0m
2022.03.19 16:44:17 INFO  shutting down Metals[0m
2022.03.19 17:27:39 INFO  tracing is disabled for protocol LSP, to enable tracing of incoming and outgoing JSON messages create an empty file at /home/felix/coding/GeneralLearning/play-learning/.metals/lsp.trace.json or /home/felix/.cache/metals/lsp.trace.json[0m
2022.03.19 17:27:39 INFO  logging to file /home/felix/coding/GeneralLearning/play-learning/.metals/metals.log[0m
2022.03.19 17:27:39 INFO  Started: Metals version 0.11.1 in workspace '/home/felix/coding/GeneralLearning/play-learning' for client Neovim 0.6.1.[0m
2022.03.19 17:27:39 WARN  Can't instantiate JavaInteractiveSemanticdb (version: None, jdkHome: /home/felix/coding/GeneralLearning/play-learning/.jdks/openjdk-17.0.1, javac exists: false)[0m
2022.03.19 17:27:40 INFO  time: initialize in 1.02s[0m
2022.03.19 17:27:40 WARN  Build server is not auto-connectable.[0m
2022.03.19 17:27:41 INFO  skipping build import with status 'Failed'[0m
2022.03.19 17:28:07 INFO  shutting down Metals[0m
